\BOOKMARK [0][-]{chapter.1}{\376\377\000B\000e\000g\000i\000n}{}% 1
\BOOKMARK [1][-]{section.1.1}{\376\377\000W\000h\000o\000\040\000d\000i\000d\000\040\000t\000h\000i\000s}{chapter.1}% 2
\BOOKMARK [1][-]{section.1.2}{\376\377\000t\000i\000p\000s}{chapter.1}% 3
\BOOKMARK [1][-]{section.1.3}{\376\377\000t\000e\000m\000p\000l\000a\000t\000e\000\040\000-\000\040\000m\000a\000k\000e\000f\000i\000l\000e\000\040\000-\000\040\000t\000e\000r\000m\000i\000n\000a\000l\000t\000r\000i\000c\000k\000s}{chapter.1}% 4
\BOOKMARK [1][-]{section.1.4}{\376\377\000m\000a\000t\000h\000\040\000f\000o\000r\000m\000u\000l\000a\000s}{chapter.1}% 5
\BOOKMARK [1][-]{section.1.5}{\376\377\000S\000t\000r\000e\000s\000s\000\040\000T\000e\000s\000t}{chapter.1}% 6
\BOOKMARK [2][-]{subsection.1.5.1}{\376\377\000V\000e\000c\000t\000o\000r\000\040\000G\000e\000n\000e\000r\000a\000t\000o\000r}{section.1.5}% 7
\BOOKMARK [2][-]{subsection.1.5.2}{\376\377\000T\000r\000e\000e\000\040\000G\000e\000n\000e\000r\000a\000t\000o\000r}{section.1.5}% 8
\BOOKMARK [0][-]{chapter.2}{\376\377\000A\000l\000g\000e\000b\000r\000a}{}% 9
\BOOKMARK [1][-]{section.2.1}{\376\377\000I\000n\000t\000e\000i\000r\000o\000\040\000M\000o\000d\000u\000l\000a\000r}{chapter.2}% 10
\BOOKMARK [1][-]{section.2.2}{\376\377\000M\000a\000t\000r\000i\000x\000\040\000P\000o\000w\000e\000r}{chapter.2}% 11
\BOOKMARK [2][-]{subsection.2.2.1}{\376\377\000G\000r\000a\000p\000h\000\040\000P\000a\000t\000h\000s\000\040\000I}{section.2.2}% 12
\BOOKMARK [2][-]{subsection.2.2.2}{\376\377\000G\000r\000a\000p\000h\000\040\000P\000a\000t\000h\000s\000\040\000I\000I}{section.2.2}% 13
\BOOKMARK [1][-]{section.2.3}{\376\377\000F\000F\000T}{chapter.2}% 14
\BOOKMARK [2][-]{subsection.2.3.1}{\376\377\000S\000i\000m\000p\000l\000e\000\040\000F\000F\000T}{section.2.3}% 15
\BOOKMARK [2][-]{subsection.2.3.2}{\376\377\000F\000F\000T\000\040\000m\000o\000d\000u\000l\000a\000r\000\040\000\050\000N\000T\000T\000\051}{section.2.3}% 16
\BOOKMARK [2][-]{subsection.2.3.3}{\376\377\000F\000F\000T\000\040\000T\000o\000\040\000s\000o\000l\000v\000e\000\040\000S\000t\000r\000i\000n\000g\000\040\000w\000i\000t\000h\000\040\000W\000i\000l\000d\000c\000a\000r\000d\000s}{section.2.3}% 17
\BOOKMARK [2][-]{subsection.2.3.4}{\376\377\000F\000W\000H\000T\000\040\000\050\000f\000f\000t\000\040\000u\000s\000i\000n\000g\000\040\000x\000o\000r\000/\000a\000n\000d\000/\000o\000r\000\051}{section.2.3}% 18
\BOOKMARK [1][-]{section.2.4}{\376\377\000G\000a\000u\000s\000s}{chapter.2}% 19
\BOOKMARK [2][-]{subsection.2.4.1}{\376\377\000M\000a\000r\000k\000o\000v\000\040\000C\000h\000a\000i\000n\000s}{section.2.4}% 20
\BOOKMARK [2][-]{subsection.2.4.2}{\376\377\000M\000o\000d\000u\000l\000a\000r\000\040\0002\000\040\000\050\000b\000i\000t\000s\000e\000t\000\051}{section.2.4}% 21
\BOOKMARK [2][-]{subsection.2.4.3}{\376\377\000M\000a\000t\000r\000i\000x\000\040\000r\000a\000n\000k}{section.2.4}% 22
\BOOKMARK [2][-]{subsection.2.4.4}{\376\377\000X\000o\000r\000\040\000B\000a\000s\000i\000s}{section.2.4}% 23
\BOOKMARK [1][-]{section.2.5}{\376\377\000C\000h\000i\000n\000e\000s\000e\000\040\000R\000e\000m\000a\000i\000n\000d\000e\000r\000\040\000T\000h\000e\000o\000r\000e\000m}{chapter.2}% 24
\BOOKMARK [2][-]{subsection.2.5.1}{\376\377\000A\000l\000g\000o\000r\000i\000t\000h\000m}{section.2.5}% 25
\BOOKMARK [2][-]{subsection.2.5.2}{\376\377\000L\000u\000c\000a\000s\000\040\000T\000h\000e\000o\000r\000e\000m}{section.2.5}% 26
\BOOKMARK [1][-]{section.2.6}{\376\377\000S\000i\000m\000p\000l\000e\000x}{chapter.2}% 27
\BOOKMARK [1][-]{section.2.7}{\376\377\000G\000C\000D\000\040\000A\000r\000r\000a\000y\000\040\000T\000r\000i\000c\000k}{chapter.2}% 28
\BOOKMARK [1][-]{section.2.8}{\376\377\000I\000m\000p\000l\000e\000m\000e\000n\000t\000a\000t\000i\000o\000n\000\040\000o\000f\000\040\000P\000o\000l\000y\000n\000o\000m\000i\000a\000l\000s}{chapter.2}% 29
\BOOKMARK [1][-]{section.2.9}{\376\377\000C\000o\000m\000b\000i\000n\000a\000t\000o\000r\000i\000a\000l}{chapter.2}% 30
\BOOKMARK [2][-]{subsection.2.9.1}{\376\377\000D\000e\000r\000a\000n\000g\000e\000m\000e\000n\000t\000s}{section.2.9}% 31
\BOOKMARK [1][-]{section.2.10}{\376\377\000L\000a\000g\000r\000a\000n\000g\000e\000\040\000I\000n\000t\000e\000r\000p\000o\000l\000a\000t\000i\000o\000n}{chapter.2}% 32
\BOOKMARK [1][-]{section.2.11}{\376\377\000D\000i\000s\000c\000r\000e\000t\000e\000\040\000L\000o\000g}{chapter.2}% 33
\BOOKMARK [1][-]{section.2.12}{\376\377\000N\000e\000l\000s\000i\000'\000s\000\040\000a\000n\000o\000t\000a\000t\000i\000o\000n\000s}{chapter.2}% 34
\BOOKMARK [2][-]{subsection.2.12.1}{\376\377\000K\000a\000p\000l\000a\000n\000s\000k\000y\000'\000s\000\040\000L\000e\000m\000m\000a}{section.2.12}% 35
\BOOKMARK [2][-]{subsection.2.12.2}{\376\377\000D\000i\000v\000i\000s\000o\000r\000\040\000A\000n\000a\000l\000y\000s\000i\000s\000\040\000-\000\040\000C\000S\000E\000S}{section.2.12}% 36
\BOOKMARK [2][-]{subsection.2.12.3}{\376\377\000B\000r\000a\000c\000k\000e\000t\000\040\000S\000e\000q\000u\000e\000n\000c\000e\000s\000\040\000I\000I\000\040\000-\000\040\000C\000S\000E\000S}{section.2.12}% 37
\BOOKMARK [1][-]{section.2.13}{\376\377\000M\000u\000l\000t\000i\000p\000l\000i\000c\000a\000t\000i\000v\000e\000\040\000F\000u\000n\000c\000t\000i\000o\000n\000s}{chapter.2}% 38
\BOOKMARK [2][-]{subsection.2.13.1}{\376\377\000M\000o\000b\000i\000u\000s\000\040\000I\000n\000v\000e\000r\000s\000i\000o\000n}{section.2.13}% 39
\BOOKMARK [0][-]{chapter.3}{\376\377\000D\000a\000t\000a\000\040\000S\000t\000r\000u\000c\000t\000u\000r\000e\000s}{}% 40
\BOOKMARK [1][-]{section.3.1}{\376\377\000O\000r\000d\000e\000r\000e\000d\000\040\000S\000e\000t}{chapter.3}% 41
\BOOKMARK [1][-]{section.3.2}{\376\377\000F\000e\000n\000w\000i\000c\000k\000\040\000T\000r\000e\000e}{chapter.3}% 42
\BOOKMARK [2][-]{subsection.3.2.1}{\376\377\000S\000i\000m\000p\000l\000e\000s}{section.3.2}% 43
\BOOKMARK [2][-]{subsection.3.2.2}{\376\377\0002\000D}{section.3.2}% 44
\BOOKMARK [2][-]{subsection.3.2.3}{\376\377\000F\000e\000n\000w\000i\000c\000k\000\040\000L\000i\000f\000t\000i\000n\000g}{section.3.2}% 45
\BOOKMARK [1][-]{section.3.3}{\376\377\000S\000p\000a\000r\000s\000e\000\040\000T\000a\000b\000l\000e}{chapter.3}% 46
\BOOKMARK [2][-]{subsection.3.3.1}{\376\377\000S\000i\000m\000p\000l\000e\000\040\000S\000p\000a\000r\000s\000e\000\040\000T\000a\000b\000l\000e}{section.3.3}% 47
\BOOKMARK [2][-]{subsection.3.3.2}{\376\377\000D\000i\000s\000j\000o\000i\000n\000t\000\040\000S\000p\000a\000r\000s\000e\000\040\000T\000a\000b\000l\000e}{section.3.3}% 48
\BOOKMARK [1][-]{section.3.4}{\376\377\000S\000Q\000R\000T\000\040\000D\000e\000c\000o\000m\000p\000o\000s\000i\000t\000i\000o\000n}{chapter.3}% 49
\BOOKMARK [2][-]{subsection.3.4.1}{\376\377\000M\000O}{section.3.4}% 50
\BOOKMARK [2][-]{subsection.3.4.2}{\376\377\000M\000O\000\040\000c\000o\000m\000\040\000u\000p\000d\000a\000t\000e\000s}{section.3.4}% 51
\BOOKMARK [2][-]{subsection.3.4.3}{\376\377\000B\000l\000o\000c\000k\000i\000n\000g}{section.3.4}% 52
\BOOKMARK [2][-]{subsection.3.4.4}{\376\377\000B\000l\000o\000c\000k\000i\000n\000g\000\040\000c\000o\000m\000\040\000c\000y\000c\000l\000i\000c\000\040\000s\000h\000i\000f\000t}{section.3.4}% 53
\BOOKMARK [2][-]{subsection.3.4.5}{\376\377\000B\000a\000t\000c\000h\000i\000n\000g}{section.3.4}% 54
\BOOKMARK [1][-]{section.3.5}{\376\377\000T\000r\000e\000a\000p}{chapter.3}% 55
\BOOKMARK [1][-]{section.3.6}{\376\377\000D\000S\000U}{chapter.3}% 56
\BOOKMARK [2][-]{subsection.3.6.1}{\376\377\000P\000e\000r\000s\000i\000s\000t\000e\000n\000t\000\040\000D\000S\000U}{section.3.6}% 57
\BOOKMARK [2][-]{subsection.3.6.2}{\376\377\000D\000S\000U\000\040\000w\000i\000t\000h\000\040\000r\000o\000l\000l\000b\000a\000c\000k}{section.3.6}% 58
\BOOKMARK [2][-]{subsection.3.6.3}{\376\377\000C\000o\000n\000n\000e\000c\000t\000e\000d\000\040\000C\000o\000m\000p\000o\000n\000e\000n\000t\000s\000\040\000W\000i\000t\000h\000\040\000S\000e\000g\000m\000e\000n\000t\000s}{section.3.6}% 59
\BOOKMARK [2][-]{subsection.3.6.4}{\376\377\000D\000y\000n\000a\000m\000i\000c\000\040\000C\000o\000n\000n\000e\000c\000t\000i\000v\000i\000t\000y\000\040\000O\000f\000f\000l\000i\000n\000e}{section.3.6}% 60
\BOOKMARK [2][-]{subsection.3.6.5}{\376\377\000D\000S\000U\000\040\000w\000i\000t\000h\000\040\000S\000m\000a\000l\000l\000\040\000t\000o\000\040\000L\000a\000r\000g\000e}{section.3.6}% 61
\BOOKMARK [0][-]{chapter.4}{\376\377\000S\000e\000g\000m\000e\000n\000t\000\040\000T\000r\000e\000e}{}% 62
\BOOKMARK [1][-]{section.4.1}{\376\377\000S\000e\000m\000/\000C\000o\000m\000\040\000L\000a\000z\000y}{chapter.4}% 63
\BOOKMARK [1][-]{section.4.2}{\376\377\000I\000m\000p\000l\000i\000c\000i\000t\000a}{chapter.4}% 64
\BOOKMARK [1][-]{section.4.3}{\376\377\000I\000m\000p\000l\000i\000c\000i\000t\000a\000\040\000c\000o\000m\000\040\000l\000a\000z\000y}{chapter.4}% 65
\BOOKMARK [1][-]{section.4.4}{\376\377\000P\000e\000r\000s\000i\000s\000t\000e\000n\000t\000e}{chapter.4}% 66
\BOOKMARK [1][-]{section.4.5}{\376\377\000u\000p\000d\000a\000t\000e\000\040\000\351\000\040\000u\000m\000a\000\040\000P\000A}{chapter.4}% 67
\BOOKMARK [1][-]{section.4.6}{\376\377\000S\000u\000b\000-\000s\000e\000g\000m\000e\000n\000t\000o\000\040\000c\000o\000n\000t\000i\000g\000u\000o\000\040\000c\000o\000m\000\040\000m\000a\000i\000o\000r\000\040\000s\000o\000m\000a}{chapter.4}% 68
\BOOKMARK [1][-]{section.4.7}{\376\377\000C\000o\000n\000t\000a\000r\000\040\000m\000i\000n\000i\000m\000o\000s\000\040\000\050\000u\000n\000i\000\343\000o\000\040\000d\000e\000\040\000a\000r\000e\000a\000\040\000d\000e\000\040\000r\000e\000t\000a\000n\000g\000u\000l\000o\000s\000\051}{chapter.4}% 69
\BOOKMARK [1][-]{section.4.8}{\376\377\000M\000e\000r\000g\000e\000\040\000S\000o\000r\000t\000\040\000T\000r\000e\000e}{chapter.4}% 70
\BOOKMARK [1][-]{section.4.9}{\376\377\000S\000e\000g\000m\000e\000n\000t\000\040\000T\000r\000e\000e\000\040\000B\000e\000a\000t\000s}{chapter.4}% 71
\BOOKMARK [1][-]{section.4.10}{\376\377\000W\000a\000v\000e\000l\000e\000t\000\040\000T\000r\000e\000e}{chapter.4}% 72
\BOOKMARK [0][-]{chapter.5}{\376\377\000D\000y\000n\000a\000m\000m\000i\000c\000\040\000P\000r\000o\000g\000r\000a\000m\000m\000i\000n\000g}{}% 73
\BOOKMARK [1][-]{section.5.1}{\376\377\000F\000a\000s\000t\000\040\000K\000n\000a\000p\000s\000a\000c\000k\000\040\0003\000k\000\040\000t\000r\000i\000c\000k}{chapter.5}% 74
\BOOKMARK [1][-]{section.5.2}{\376\377\000S\000O\000S\000\040\000D\000P}{chapter.5}% 75
\BOOKMARK [1][-]{section.5.3}{\376\377\000P\000e\000r\000m\000u\000t\000a\000t\000i\000o\000n\000\040\000T\000r\000i\000c\000k}{chapter.5}% 76
\BOOKMARK [1][-]{section.5.4}{\376\377\000O\000p\000e\000n\000\040\000I\000n\000t\000e\000r\000v\000a\000l\000\040\000T\000r\000i\000c\000k}{chapter.5}% 77
\BOOKMARK [1][-]{section.5.5}{\376\377\000D\000p\000\040\000O\000p\000t\000i\000m\000i\000z\000a\000t\000i\000o\000n\000s}{chapter.5}% 78
\BOOKMARK [2][-]{subsection.5.5.1}{\376\377\000D\000\046\000C}{section.5.5}% 79
\BOOKMARK [2][-]{subsection.5.5.2}{\376\377\000K\000n\000u\000t\000h\000\040\000O\000p\000t\000i\000m\000i\000z\000a\000t\000i\000o\000n}{section.5.5}% 80
\BOOKMARK [2][-]{subsection.5.5.3}{\376\377\000C\000o\000n\000v\000e\000x\000\040\000H\000u\000l\000l\000\040\000T\000r\000i\000c\000k}{section.5.5}% 81
\BOOKMARK [1][-]{section.5.6}{\376\377\000S\000t\000e\000i\000n\000e\000r\000\040\000T\000r\000e\000e\000\040\000D\000P}{chapter.5}% 82
\BOOKMARK [0][-]{chapter.6}{\376\377\000S\000t\000r\000i\000n\000g}{}% 83
\BOOKMARK [1][-]{section.6.1}{\376\377\000S\000t\000r\000i\000n\000g\000\040\000H\000a\000s\000h}{chapter.6}% 84
\BOOKMARK [2][-]{subsection.6.1.1}{\376\377\000S\000i\000m\000p\000l\000e\000\040\000H\000a\000s\000h}{section.6.1}% 85
\BOOKMARK [2][-]{subsection.6.1.2}{\376\377\000H\000a\000s\000h\000\040\0002\000D\000a\000y\000l\000l\000o\000n}{section.6.1}% 86
\BOOKMARK [2][-]{subsection.6.1.3}{\376\377\000H\000a\000s\000h\000\040\000w\000i\000t\000h\000\040\000U\000p\000d\000a\000t\000e\000s}{section.6.1}% 87
\BOOKMARK [1][-]{section.6.2}{\376\377\000S\000u\000f\000f\000i\000x\000\040\000A\000r\000r\000a\000y}{chapter.6}% 88
\BOOKMARK [1][-]{section.6.3}{\376\377\000S\000u\000f\000f\000i\000x\000\040\000A\000u\000t\000o\000m\000a\000t\000o\000n}{chapter.6}% 89
\BOOKMARK [1][-]{section.6.4}{\376\377\000S\000u\000f\000f\000i\000x\000\040\000T\000r\000e\000e}{chapter.6}% 90
\BOOKMARK [1][-]{section.6.5}{\376\377\000P\000a\000l\000i\000n\000d\000r\000o\000m\000i\000c\000\040\000T\000r\000e\000e}{chapter.6}% 91
\BOOKMARK [1][-]{section.6.6}{\376\377\000M\000i\000n\000i\000m\000a\000l\000\040\000R\000o\000t\000a\000t\000i\000o\000n}{chapter.6}% 92
\BOOKMARK [1][-]{section.6.7}{\376\377\000A\000h\000o\000\040\000C\000o\000r\000a\000s\000i\000c\000k}{chapter.6}% 93
\BOOKMARK [1][-]{section.6.8}{\376\377\000T\000r\000i\000e}{chapter.6}% 94
\BOOKMARK [0][-]{chapter.7}{\376\377\000G\000r\000a\000p\000h}{}% 95
\BOOKMARK [1][-]{section.7.1}{\376\377\000F\000l\000o\000w}{chapter.7}% 96
\BOOKMARK [2][-]{subsection.7.1.1}{\376\377\000T\000e\000o\000r\000e\000m\000a\000s\000\040\000d\000e\000\040\000F\000l\000u\000x\000o}{section.7.1}% 97
\BOOKMARK [2][-]{subsection.7.1.2}{\376\377\000D\000i\000n\000i\000c}{section.7.1}% 98
\BOOKMARK [2][-]{subsection.7.1.3}{\376\377\000M\000i\000n\000C\000o\000s\000t\000M\000a\000x\000F\000l\000o\000w}{section.7.1}% 99
\BOOKMARK [1][-]{section.7.2}{\376\377\000M\000a\000t\000c\000h\000i\000n\000g}{chapter.7}% 100
\BOOKMARK [2][-]{subsection.7.2.1}{\376\377\000H\000o\000p\000C\000r\000o\000f\000t\000\040\000K\000a\000r\000p}{section.7.2}% 101
\BOOKMARK [2][-]{subsection.7.2.2}{\376\377\000B\000i\000p\000a\000r\000t\000i\000d\000e\000\040\000W\000e\000i\000g\000h\000t\000e\000d\000\040\000H\000u\000n\000g\000a\000r\000i\000a\000n\000\040\000M\000e\000t\000h\000o\000d}{section.7.2}% 102
\BOOKMARK [2][-]{subsection.7.2.3}{\376\377\000G\000e\000n\000e\000r\000a\000l\000\040\000G\000r\000a\000p\000h\000\040\000\050\000E\000d\000m\000o\000n\000d\000s\000\040\000B\000l\000o\000s\000s\000o\000m\000\051}{section.7.2}% 103
\BOOKMARK [1][-]{section.7.3}{\376\377\000B\000e\000l\000l\000m\000a\000n\000\040\000F\000o\000r\000d}{chapter.7}% 104
\BOOKMARK [1][-]{section.7.4}{\376\377\0002\000-\000S\000A\000T}{chapter.7}% 105
\BOOKMARK [1][-]{section.7.5}{\376\377\000C\000o\000m\000p\000o\000n\000e\000n\000t\000e\000s\000\040\000F\000o\000r\000t\000e\000m\000e\000n\000t\000e\000\040\000C\000o\000n\000e\000x\000a\000s}{chapter.7}% 106
\BOOKMARK [1][-]{section.7.6}{\376\377\000S\000t\000a\000b\000l\000e\000\040\000M\000a\000r\000r\000i\000a\000g\000e}{chapter.7}% 107
\BOOKMARK [1][-]{section.7.7}{\376\377\000P\000l\000a\000n\000a\000r\000\040\000G\000r\000a\000p\000h\000s}{chapter.7}% 108
\BOOKMARK [1][-]{section.7.8}{\376\377\000D\000o\000m\000i\000n\000a\000t\000o\000r\000\040\000T\000r\000e\000e}{chapter.7}% 109
\BOOKMARK [1][-]{section.7.9}{\376\377\000C\000h\000i\000n\000e\000s\000e\000\040\000P\000o\000s\000t\000m\000a\000n\000\040\000P\000r\000o\000b\000l\000e\000m}{chapter.7}% 110
\BOOKMARK [1][-]{section.7.10}{\376\377\000S\000o\000m\000e\000\040\000B\000r\000i\000d\000g\000e\000\040\000r\000e\000l\000a\000t\000e\000d\000\040\000t\000o\000p\000i\000c\000s}{chapter.7}% 111
\BOOKMARK [2][-]{subsection.7.10.1}{\376\377\000F\000i\000n\000d\000i\000n\000g\000\040\000B\000r\000i\000d\000g\000e\000s}{section.7.10}% 112
\BOOKMARK [2][-]{subsection.7.10.2}{\376\377\000A\000r\000t\000i\000c\000u\000l\000a\000t\000i\000o\000n\000\040\000P\000o\000i\000n\000t\000s}{section.7.10}% 113
\BOOKMARK [2][-]{subsection.7.10.3}{\376\377\000B\000l\000o\000c\000k\000\040\000C\000u\000t\000\040\000T\000r\000e\000e}{section.7.10}% 114
\BOOKMARK [2][-]{subsection.7.10.4}{\376\377\000T\000w\000o\000\040\000E\000d\000g\000e\000\040\000C\000o\000n\000n\000e\000c\000t\000e\000d\000\040\000C\000o\000m\000p\000o\000n\000e\000n\000t\000s}{section.7.10}% 115
\BOOKMARK [0][-]{chapter.8}{\376\377\000T\000r\000e\000e\000s}{}% 116
\BOOKMARK [1][-]{section.8.1}{\376\377\000D\000i\000a\000m\000e\000t\000e\000r}{chapter.8}% 117
\BOOKMARK [1][-]{section.8.2}{\376\377\000L\000C\000A}{chapter.8}% 118
\BOOKMARK [1][-]{section.8.3}{\376\377\000E\000u\000l\000e\000r\000\040\000t\000o\000u\000r\000\040\000t\000r\000e\000e}{chapter.8}% 119
\BOOKMARK [1][-]{section.8.4}{\376\377\000S\000m\000a\000l\000l\000\040\000t\000o\000\040\000L\000a\000r\000g\000e}{chapter.8}% 120
\BOOKMARK [1][-]{section.8.5}{\376\377\000H\000L\000D}{chapter.8}% 121
\BOOKMARK [2][-]{subsection.8.5.1}{\376\377\000C\000a\000n\000\040\000y\000o\000u\000\040\000a\000n\000s\000w\000e\000r\000\040\000t\000h\000e\000s\000e\000\040\000q\000u\000e\000r\000i\000e\000s\000\040\000V\000I\000I}{section.8.5}% 122
\BOOKMARK [2][-]{subsection.8.5.2}{\376\377\000C\000a\000n\000\040\000y\000o\000u\000\040\000a\000n\000s\000w\000e\000r\000\040\000t\000h\000e\000s\000e\000\040\000q\000u\000e\000r\000i\000e\000s\000\040\000V\000I}{section.8.5}% 123
\BOOKMARK [2][-]{subsection.8.5.3}{\376\377\000H\000L\000D\000\040\000w\000i\000t\000h\000\040\000s\000u\000b\000t\000r\000e\000e\000\040\000q\000u\000e\000r\000i\000e\000s}{section.8.5}% 124
\BOOKMARK [1][-]{section.8.6}{\376\377\000C\000e\000n\000t\000r\000o\000i\000d\000\040\000D\000e\000c\000o\000m\000p\000o\000s\000i\000t\000i\000o\000n}{chapter.8}% 125
\BOOKMARK [1][-]{section.8.7}{\376\377\000T\000r\000e\000e\000\040\000I\000s\000o\000m\000o\000r\000p\000h\000i\000s\000m}{chapter.8}% 126
\BOOKMARK [1][-]{section.8.8}{\376\377\000V\000i\000r\000t\000u\000a\000l\000\040\000T\000r\000e\000e}{chapter.8}% 127
\BOOKMARK [1][-]{section.8.9}{\376\377\000L\000i\000n\000k\000\040\000C\000u\000t\000\040\000T\000r\000e\000e}{chapter.8}% 128
\BOOKMARK [0][-]{chapter.9}{\376\377\000G\000e\000o\000m\000e\000t\000r\000y}{}% 129
\BOOKMARK [1][-]{section.9.1}{\376\377\000S\000i\000m\000p\000l\000e\000\040\000G\000e\000o\000m\000e\000t\000r\000y}{chapter.9}% 130
\BOOKMARK [2][-]{subsection.9.1.1}{\376\377\000P\000o\000i\000n\000t\000s\000\040\000a\000n\000d\000\040\000L\000i\000n\000e\000s}{section.9.1}% 131
\BOOKMARK [2][-]{subsection.9.1.2}{\376\377\000C\000i\000r\000c\000l\000e\000s}{section.9.1}% 132
\BOOKMARK [1][-]{section.9.2}{\376\377\000C\000o\000n\000v\000e\000x\000\040\000H\000u\000l\000l}{chapter.9}% 133
\BOOKMARK [2][-]{subsection.9.2.1}{\376\377\000R\000o\000t\000a\000t\000i\000o\000n\000\040\000C\000a\000l\000i\000p\000e\000r\000s}{section.9.2}% 134
\BOOKMARK [1][-]{section.9.3}{\376\377\000L\000i\000n\000e\000\040\000S\000w\000e\000e\000p}{chapter.9}% 135
\BOOKMARK [2][-]{subsection.9.3.1}{\376\377\000P\000o\000i\000n\000t\000s\000\040\000I\000n\000s\000i\000d\000e\000\040\000T\000r\000i\000a\000n\000g\000l\000e\000s}{section.9.3}% 136
\BOOKMARK [2][-]{subsection.9.3.2}{\376\377\000R\000a\000n\000k\000i\000n\000g\000\040\000P\000r\000o\000b\000l\000e\000m}{section.9.3}% 137
\BOOKMARK [2][-]{subsection.9.3.3}{\376\377\000B\000a\000l\000l\000s\000\040\000F\000a\000l\000l\000s\000\040\000a\000n\000d\000\040\000S\000e\000g\000m\000e\000n\000t\000s}{section.9.3}% 138
\BOOKMARK [2][-]{subsection.9.3.4}{\376\377\000C\000h\000e\000c\000k\000i\000n\000g\000\040\000P\000o\000i\000n\000t\000s\000\040\000I\000n\000s\000i\000d\000e\000\040\000C\000o\000n\000v\000e\000x\000\040\000P\000o\000l\000y\000g\000o\000n}{section.9.3}% 139
\BOOKMARK [2][-]{subsection.9.3.5}{\376\377\000R\000a\000d\000i\000a\000l\000\040\000S\000w\000e\000e\000p}{section.9.3}% 140
\BOOKMARK [2][-]{subsection.9.3.6}{\376\377\000R\000a\000d\000i\000a\000l\000\040\000S\000w\000e\000e\000p\000\040\000s\000e\000m\000\040\000D\000o\000u\000b\000l\000e}{section.9.3}% 141
\BOOKMARK [1][-]{section.9.4}{\376\377\000M\000i\000n\000i\000m\000u\000m\000\040\000P\000e\000r\000i\000m\000e\000t\000e\000r\000\040\000T\000r\000i\000a\000n\000g\000l\000e}{chapter.9}% 142
\BOOKMARK [0][-]{chapter.10}{\376\377\000M\000i\000s\000c\000e\000l\000l\000a\000n\000e\000o\000u\000s}{}% 143
\BOOKMARK [1][-]{section.10.1}{\376\377\000G\000a\000m\000e\000\040\000T\000h\000e\000o\000r\000y}{chapter.10}% 144
\BOOKMARK [2][-]{subsection.10.1.1}{\376\377\000N\000i\000m\000\040\000M\000u\000l\000t\000i\000p\000l\000i\000c\000a\000t\000i\000o\000n}{section.10.1}% 145
\BOOKMARK [1][-]{section.10.2}{\376\377\000B\000i\000n\000a\000r\000y\000\040\000S\000e\000a\000r\000c\000h}{chapter.10}% 146
\BOOKMARK [2][-]{subsection.10.2.1}{\376\377\000P\000a\000r\000a\000l\000l\000e\000l\000\040\000B\000i\000n\000a\000r\000y\000\040\000S\000e\000a\000r\000c\000h}{section.10.2}% 147
\BOOKMARK [1][-]{section.10.3}{\376\377\000B\000i\000g\000\040\000N\000u\000m}{chapter.10}% 148
\BOOKMARK [2][-]{subsection.10.3.1}{\376\377\000D\000\046\000C\000\040\000f\000o\000r\000\040\000M\000u\000l\000t\000i\000p\000l\000y\000n\000g\000\040\000t\000w\000o\000\040\000b\000i\000g\000\040\000n\000u\000m\000b\000e\000r\000s}{section.10.3}% 149
\BOOKMARK [1][-]{section.10.4}{\376\377\000B\000i\000t\000s\000e\000t\000s}{chapter.10}% 150
\BOOKMARK [1][-]{section.10.5}{\376\377\000B\000u\000i\000l\000t\000\040\000i\000n\000\040\000f\000u\000n\000c\000t\000i\000o\000n\000s}{chapter.10}% 151
\BOOKMARK [1][-]{section.10.6}{\376\377\000P\000r\000i\000o\000r\000i\000t\000y\000\040\000Q\000u\000e\000u\000e\000\040\000a\000n\000d\000\040\000S\000e\000t\000\040\000C\000o\000m\000p\000a\000r\000a\000t\000o\000r\000s}{chapter.10}% 152
\BOOKMARK [1][-]{section.10.7}{\376\377\000L\000a\000m\000b\000d\000a\000\040\000E\000x\000p\000r\000e\000s\000s\000i\000o\000n\000s}{chapter.10}% 153
\BOOKMARK [1][-]{section.10.8}{\376\377\000F\000a\000s\000t\000\040\000i\000n\000p\000u\000t\000\040\000o\000u\000t\000p\000u\000t}{chapter.10}% 154
\BOOKMARK [1][-]{section.10.9}{\376\377\000T\000r\000i\000c\000k\000\040\000f\000o\000r\000\040\000f\000a\000s\000t\000e\000r\000\040\000U\000n\000o\000r\000d\000e\000r\000e\000d\000\040\000M\000a\000p}{chapter.10}% 155
\BOOKMARK [1][-]{section.10.10}{\376\377\000F\000a\000s\000t\000e\000r\000\040\000H\000a\000s\000h\000\040\000T\000a\000b\000l\000e}{chapter.10}% 156
\BOOKMARK [1][-]{section.10.11}{\376\377\000S\000t\000r\000i\000n\000g\000S\000t\000r\000e\000a\000m}{chapter.10}% 157
\BOOKMARK [1][-]{section.10.12}{\376\377\000K\000a\000r\000m\000a\000r\000k\000a\000r\000-\000K\000a\000r\000p}{chapter.10}% 158
